{
  "stats": {
    "suites": 5,
    "tests": 22,
    "passes": 7,
    "pending": 11,
    "failures": 4,
    "start": "2025-11-10T22:12:21.851Z",
    "end": "2025-11-10T22:12:21.868Z",
    "duration": 17,
    "testsRegistered": 22,
    "passPercent": 63.63636363636363,
    "pendingPercent": 50,
    "other": 0,
    "hasOther": false,
    "skipped": 0,
    "hasSkipped": false
  },
  "results": [
    {
      "uuid": "50ff7e50-4528-41fb-99e0-78f3c2a298f4",
      "title": "",
      "fullFile": "/workspaces/unit-test-example/test/env_test.js",
      "file": "/test/env_test.js",
      "beforeHooks": [],
      "afterHooks": [],
      "tests": [],
      "suites": [
        {
          "uuid": "8b07d508-83c7-4b8d-8d44-7df1451e6820",
          "title": "Pruebas de módulo environment",
          "fullFile": "/workspaces/unit-test-example/test/env_test.js",
          "file": "/test/env_test.js",
          "beforeHooks": [],
          "afterHooks": [],
          "tests": [
            {
              "title": "Prueba de tiMonth",
              "fullTitle": "Pruebas de módulo environment Prueba de tiMonth",
              "timedOut": false,
              "duration": 0,
              "state": "passed",
              "speed": "fast",
              "pass": true,
              "fail": false,
              "pending": false,
              "context": null,
              "code": "assert.strictEqual(tiMonth(2), 0.0016515813019202241);",
              "err": {},
              "uuid": "66f5a362-6161-4d4e-8f86-729ca8177564",
              "parentUUID": "8b07d508-83c7-4b8d-8d44-7df1451e6820",
              "isHook": false,
              "skipped": false
            }
          ],
          "suites": [
            {
              "uuid": "2b06a07f-18bf-4048-84d7-092ead3d487a",
              "title": "FuelEnergySelector collection",
              "fullFile": "/workspaces/unit-test-example/test/env_test.js",
              "file": "/test/env_test.js",
              "beforeHooks": [],
              "afterHooks": [],
              "tests": [
                {
                  "title": "Caso gasolina",
                  "fullTitle": "Pruebas de módulo environment FuelEnergySelector collection Caso gasolina",
                  "timedOut": false,
                  "duration": 1,
                  "state": "passed",
                  "speed": "fast",
                  "pass": true,
                  "fail": false,
                  "pending": false,
                  "context": null,
                  "code": "assert.deepStrictEqual(fuelEnergySelector(\"gasoline\"), {\n  \"fuel_price\": 16700,\n  \"fuel_energy\": 35.58,\n  \"emision_factor\": 69.25\n});",
                  "err": {},
                  "uuid": "2d2d9b9f-d2ac-4b3b-86b8-b92007b26563",
                  "parentUUID": "2b06a07f-18bf-4048-84d7-092ead3d487a",
                  "isHook": false,
                  "skipped": false
                },
                {
                  "title": "Caso diésel",
                  "fullTitle": "Pruebas de módulo environment FuelEnergySelector collection Caso diésel",
                  "timedOut": false,
                  "duration": 0,
                  "state": "passed",
                  "speed": "fast",
                  "pass": true,
                  "fail": false,
                  "pending": false,
                  "context": null,
                  "code": "assert.deepStrictEqual(fuelEnergySelector(\"diesel\"), {\n  \"fuel_price\": 11795,\n  \"fuel_energy\": 40.7,\n  \"emision_factor\": 74.01\n});",
                  "err": {},
                  "uuid": "39ac82fb-f8eb-4134-a319-db75c19cc4d0",
                  "parentUUID": "2b06a07f-18bf-4048-84d7-092ead3d487a",
                  "isHook": false,
                  "skipped": false
                }
              ],
              "suites": [],
              "passes": [
                "2d2d9b9f-d2ac-4b3b-86b8-b92007b26563",
                "39ac82fb-f8eb-4134-a319-db75c19cc4d0"
              ],
              "failures": [],
              "pending": [],
              "skipped": [],
              "duration": 1,
              "root": false,
              "rootEmpty": false,
              "_timeout": 2000
            },
            {
              "uuid": "8ba704df-e05a-45ab-97de-3ea24fe27f1a",
              "title": "Conjunto de pruebas PASS",
              "fullFile": "/workspaces/unit-test-example/test/env_test.js",
              "file": "/test/env_test.js",
              "beforeHooks": [],
              "afterHooks": [],
              "tests": [
                {
                  "title": "Prueba de ElectricalConsumption",
                  "fullTitle": "Pruebas de módulo environment Conjunto de pruebas PASS Prueba de ElectricalConsumption",
                  "timedOut": false,
                  "duration": 0,
                  "state": "passed",
                  "speed": "fast",
                  "pass": true,
                  "fail": false,
                  "pending": false,
                  "context": null,
                  "code": "assert.strictEqual(electricalConsumption(2, 2), 1.1111111111111112);",
                  "err": {},
                  "uuid": "6c53ebaf-34b8-4b17-8755-23c9f5d39a3f",
                  "parentUUID": "8ba704df-e05a-45ab-97de-3ea24fe27f1a",
                  "isHook": false,
                  "skipped": false
                },
                {
                  "title": "Prueba de CostElectricalKM",
                  "fullTitle": "Pruebas de módulo environment Conjunto de pruebas PASS Prueba de CostElectricalKM",
                  "timedOut": false,
                  "duration": 0,
                  "state": "passed",
                  "speed": "fast",
                  "pass": true,
                  "fail": false,
                  "pending": false,
                  "context": null,
                  "code": "assert.strictEqual(costElectricalKM(electrical_consumption, 3), 3.3333333333333335);",
                  "err": {},
                  "uuid": "510c5018-8ae1-43a2-85b4-81783b2e0ada",
                  "parentUUID": "8ba704df-e05a-45ab-97de-3ea24fe27f1a",
                  "isHook": false,
                  "skipped": false
                },
                {
                  "title": "Prueba de CombustionConsumption",
                  "fullTitle": "Pruebas de módulo environment Conjunto de pruebas PASS Prueba de CombustionConsumption",
                  "timedOut": false,
                  "duration": 0,
                  "state": "passed",
                  "speed": "fast",
                  "pass": true,
                  "fail": false,
                  "pending": false,
                  "context": null,
                  "code": "assert.strictEqual(combustionConsumption(electrical_consumption), 4.11522633744856);",
                  "err": {},
                  "uuid": "b52db762-8eb7-44de-8ffc-5ed251ab3b73",
                  "parentUUID": "8ba704df-e05a-45ab-97de-3ea24fe27f1a",
                  "isHook": false,
                  "skipped": false
                },
                {
                  "title": "Prueba de fuelConsumption",
                  "fullTitle": "Pruebas de módulo environment Conjunto de pruebas PASS Prueba de fuelConsumption",
                  "timedOut": false,
                  "duration": 0,
                  "state": "passed",
                  "speed": "fast",
                  "pass": true,
                  "fail": false,
                  "pending": false,
                  "context": null,
                  "code": "assert.strictEqual(\n  fuelConsumption(combustion_consumption, fuel_selector[\"fuel_energy\"]),\n  0.11566122364948173\n);",
                  "err": {},
                  "uuid": "e7ab4fdd-0aeb-4895-abb3-f2544ae42064",
                  "parentUUID": "8ba704df-e05a-45ab-97de-3ea24fe27f1a",
                  "isHook": false,
                  "skipped": false
                }
              ],
              "suites": [],
              "passes": [
                "6c53ebaf-34b8-4b17-8755-23c9f5d39a3f",
                "510c5018-8ae1-43a2-85b4-81783b2e0ada",
                "b52db762-8eb7-44de-8ffc-5ed251ab3b73",
                "e7ab4fdd-0aeb-4895-abb3-f2544ae42064"
              ],
              "failures": [],
              "pending": [],
              "skipped": [],
              "duration": 0,
              "root": false,
              "rootEmpty": false,
              "_timeout": 2000
            },
            {
              "uuid": "557c030e-695c-40d2-9808-c5fcdaca35e3",
              "title": "Conjunto de pruebas FAIL",
              "fullFile": "/workspaces/unit-test-example/test/env_test.js",
              "file": "/test/env_test.js",
              "beforeHooks": [],
              "afterHooks": [],
              "tests": [
                {
                  "title": "Prueba de fuelEfficiency",
                  "fullTitle": "Pruebas de módulo environment Conjunto de pruebas FAIL Prueba de fuelEfficiency",
                  "timedOut": false,
                  "duration": 2,
                  "state": "failed",
                  "speed": null,
                  "pass": false,
                  "fail": true,
                  "pending": false,
                  "context": null,
                  "code": "assert.notStrictEqual(fuelEfficiency(fuel_consumption), 8.64594);",
                  "err": {
                    "message": "AssertionError: Expected \"actual\" to be strictly unequal to:\n\n8.64594",
                    "estack": "AssertionError [ERR_ASSERTION]: Expected \"actual\" to be strictly unequal to:\n\n8.64594\n    at Context.<anonymous> (test/env_test.js:93:14)\n    at process.processImmediate (node:internal/timers:485:21)",
                    "diff": ""
                  },
                  "uuid": "23c061ca-0e51-45b1-8272-fcdfeb62e1ff",
                  "parentUUID": "557c030e-695c-40d2-9808-c5fcdaca35e3",
                  "isHook": false,
                  "skipped": false
                },
                {
                  "title": "Prueba de fuelCostKm",
                  "fullTitle": "Pruebas de módulo environment Conjunto de pruebas FAIL Prueba de fuelCostKm",
                  "timedOut": false,
                  "duration": 0,
                  "state": "failed",
                  "speed": null,
                  "pass": false,
                  "fail": true,
                  "pending": false,
                  "context": null,
                  "code": "assert.notStrictEqual(\n  fuelCostKm(fuel_selector[\"fuel_price\"], fuel_consumption),\n  1931.5424349463449\n);",
                  "err": {
                    "message": "AssertionError: Expected \"actual\" to be strictly unequal to:\n\n1931.5424349463449",
                    "estack": "AssertionError [ERR_ASSERTION]: Expected \"actual\" to be strictly unequal to:\n\n1931.5424349463449\n    at Context.<anonymous> (test/env_test.js:97:14)\n    at process.processImmediate (node:internal/timers:485:21)",
                    "diff": ""
                  },
                  "uuid": "64f57b08-9a92-41ba-a828-cdea5d27e391",
                  "parentUUID": "557c030e-695c-40d2-9808-c5fcdaca35e3",
                  "isHook": false,
                  "skipped": false
                },
                {
                  "title": "Prueba de energyKm",
                  "fullTitle": "Pruebas de módulo environment Conjunto de pruebas FAIL Prueba de energyKm",
                  "timedOut": false,
                  "duration": 0,
                  "state": "failed",
                  "speed": null,
                  "pass": false,
                  "fail": true,
                  "pending": false,
                  "context": null,
                  "code": "assert.notStrictEqual(energyKm(combustion_consumption), 14814814.814814815);",
                  "err": {
                    "message": "AssertionError: Expected \"actual\" to be strictly unequal to:\n\n14814814.814814815",
                    "estack": "AssertionError [ERR_ASSERTION]: Expected \"actual\" to be strictly unequal to:\n\n14814814.814814815\n    at Context.<anonymous> (test/env_test.js:104:14)\n    at process.processImmediate (node:internal/timers:485:21)",
                    "diff": ""
                  },
                  "uuid": "e7033c6a-9e79-4d9e-ba92-137bc8a9e1b9",
                  "parentUUID": "557c030e-695c-40d2-9808-c5fcdaca35e3",
                  "isHook": false,
                  "skipped": false
                },
                {
                  "title": "Prueba de emisionKm",
                  "fullTitle": "Pruebas de módulo environment Conjunto de pruebas FAIL Prueba de emisionKm",
                  "timedOut": false,
                  "duration": 0,
                  "state": "failed",
                  "speed": null,
                  "pass": false,
                  "fail": true,
                  "pending": false,
                  "context": null,
                  "code": "assert.notStrictEqual(\n  emisionKm(fuel_selector[\"emision_factor\"], energyKm(combustion_consumption)),\n  1025.9259259259259\n);",
                  "err": {
                    "message": "AssertionError: Expected \"actual\" to be strictly unequal to:\n\n1025.9259259259259",
                    "estack": "AssertionError [ERR_ASSERTION]: Expected \"actual\" to be strictly unequal to:\n\n1025.9259259259259\n    at Context.<anonymous> (test/env_test.js:108:14)\n    at process.processImmediate (node:internal/timers:485:21)",
                    "diff": ""
                  },
                  "uuid": "f6fbbba5-6306-473a-9882-2b4a9c3da05b",
                  "parentUUID": "557c030e-695c-40d2-9808-c5fcdaca35e3",
                  "isHook": false,
                  "skipped": false
                }
              ],
              "suites": [],
              "passes": [],
              "failures": [
                "23c061ca-0e51-45b1-8272-fcdfeb62e1ff",
                "64f57b08-9a92-41ba-a828-cdea5d27e391",
                "e7033c6a-9e79-4d9e-ba92-137bc8a9e1b9",
                "f6fbbba5-6306-473a-9882-2b4a9c3da05b"
              ],
              "pending": [],
              "skipped": [],
              "duration": 2,
              "root": false,
              "rootEmpty": false,
              "_timeout": 2000
            },
            {
              "uuid": "37a6430a-ee7d-418c-960e-6b119f577616",
              "title": "Conjunto de pruebas SKIPPED",
              "fullFile": "/workspaces/unit-test-example/test/env_test.js",
              "file": "/test/env_test.js",
              "beforeHooks": [],
              "afterHooks": [],
              "tests": [
                {
                  "title": "Prueba de savedEnergy (skipped si null)",
                  "fullTitle": "Pruebas de módulo environment Conjunto de pruebas SKIPPED Prueba de savedEnergy (skipped si null)",
                  "timedOut": false,
                  "duration": 0,
                  "state": "pending",
                  "speed": null,
                  "pass": false,
                  "fail": false,
                  "pending": true,
                  "context": null,
                  "code": "const combustion_consumption = null;\nif (combustion_consumption === null) this.skip();\nassert.strictEqual(\n  savedEnergy(combustion_consumption, electrical_consumption, Anual_use),\n  6.008230452674897\n);",
                  "err": {},
                  "uuid": "5b1157f1-c213-464f-b33a-bf4bf5882fcc",
                  "parentUUID": "37a6430a-ee7d-418c-960e-6b119f577616",
                  "isHook": false,
                  "skipped": false
                },
                {
                  "title": "Prueba de avoidedEmissions (skipped si null)",
                  "fullTitle": "Pruebas de módulo environment Conjunto de pruebas SKIPPED Prueba de avoidedEmissions (skipped si null)",
                  "timedOut": false,
                  "duration": 0,
                  "state": "pending",
                  "speed": null,
                  "pass": false,
                  "fail": false,
                  "pending": true,
                  "context": null,
                  "code": "const Anual_use = null;\nif (Anual_use === null) this.skip();\nassert.strictEqual(\n  avoidedEmissions(energyKm(combustion_consumption), Anual_use),\n  0.0020518518518518516\n);",
                  "err": {},
                  "uuid": "95ecb8d9-b2bd-4051-9b39-19ba3556880f",
                  "parentUUID": "37a6430a-ee7d-418c-960e-6b119f577616",
                  "isHook": false,
                  "skipped": false
                },
                {
                  "title": "Prueba de monthlySavings (skipped si null)",
                  "fullTitle": "Pruebas de módulo environment Conjunto de pruebas SKIPPED Prueba de monthlySavings (skipped si null)",
                  "timedOut": false,
                  "duration": 0,
                  "state": "pending",
                  "speed": null,
                  "pass": false,
                  "fail": false,
                  "pending": true,
                  "context": null,
                  "code": "const Anual_use = null;\nif (Anual_use === null) this.skip();\nassert.strictEqual(\n  monthlySavings(\n    fuelCostKm(fuel_selector[\"fuel_price\"], fuel_consumption),\n    costElectricalKM(electrical_consumption, 3),\n    Anual_use\n  ),\n  -0.5362786849473086\n);",
                  "err": {},
                  "uuid": "961708a3-f3e6-481b-9e37-1aeb757f162f",
                  "parentUUID": "37a6430a-ee7d-418c-960e-6b119f577616",
                  "isHook": false,
                  "skipped": false
                },
                {
                  "title": "Prueba de annualSavings (skipped si null)",
                  "fullTitle": "Pruebas de módulo environment Conjunto de pruebas SKIPPED Prueba de annualSavings (skipped si null)",
                  "timedOut": false,
                  "duration": 0,
                  "state": "pending",
                  "speed": null,
                  "pass": false,
                  "fail": false,
                  "pending": true,
                  "context": null,
                  "code": "const ipc_data = null;\nif (ipc_data === null) this.skip();\nassert.strictEqual(annualSavings(monthly_savings, ipc_data), -6.494123956523584);",
                  "err": {},
                  "uuid": "5fc82cf4-56e5-442a-8dc7-ab43b7921f6a",
                  "parentUUID": "37a6430a-ee7d-418c-960e-6b119f577616",
                  "isHook": false,
                  "skipped": false
                },
                {
                  "title": "Prueba de youngTree (skipped si null)",
                  "fullTitle": "Pruebas de módulo environment Conjunto de pruebas SKIPPED Prueba de youngTree (skipped si null)",
                  "timedOut": false,
                  "duration": 0,
                  "state": "pending",
                  "speed": null,
                  "pass": false,
                  "fail": false,
                  "pending": true,
                  "context": null,
                  "code": "const avoided_emissions = null;\nif (avoided_emissions === null) this.skip();\nassert.strictEqual(youngTree(avoided_emissions), 0);",
                  "err": {},
                  "uuid": "68c0afac-f7fd-43d8-8ab3-ccc83e084d0d",
                  "parentUUID": "37a6430a-ee7d-418c-960e-6b119f577616",
                  "isHook": false,
                  "skipped": false
                },
                {
                  "title": "Prueba de oldTree (skipped si null)",
                  "fullTitle": "Pruebas de módulo environment Conjunto de pruebas SKIPPED Prueba de oldTree (skipped si null)",
                  "timedOut": false,
                  "duration": 0,
                  "state": "pending",
                  "speed": null,
                  "pass": false,
                  "fail": false,
                  "pending": true,
                  "context": null,
                  "code": "const avoided_emissions = null;\nif (avoided_emissions === null) this.skip();\nassert.strictEqual(oldTree(avoided_emissions), 0);",
                  "err": {},
                  "uuid": "88c73a47-19f6-450b-a213-49a9e1b14dc0",
                  "parentUUID": "37a6430a-ee7d-418c-960e-6b119f577616",
                  "isHook": false,
                  "skipped": false
                },
                {
                  "title": "Prueba de energyH2Cylinders (skipped si null)",
                  "fullTitle": "Pruebas de módulo environment Conjunto de pruebas SKIPPED Prueba de energyH2Cylinders (skipped si null)",
                  "timedOut": false,
                  "duration": 0,
                  "state": "pending",
                  "speed": null,
                  "pass": false,
                  "fail": false,
                  "pending": true,
                  "context": null,
                  "code": "const ne = null;\nif (ne === null) this.skip();\nassert.strictEqual(energyH2Cylinders(ne), 3.7037037037037033);",
                  "err": {},
                  "uuid": "a72b7972-e504-45c0-8e91-136066815ad1",
                  "parentUUID": "37a6430a-ee7d-418c-960e-6b119f577616",
                  "isHook": false,
                  "skipped": false
                },
                {
                  "title": "Prueba de energyH2LowPresure (skipped si null)",
                  "fullTitle": "Pruebas de módulo environment Conjunto de pruebas SKIPPED Prueba de energyH2LowPresure (skipped si null)",
                  "timedOut": false,
                  "duration": 0,
                  "state": "pending",
                  "speed": null,
                  "pass": false,
                  "fail": false,
                  "pending": true,
                  "context": null,
                  "code": "const energyH2Cylinders = null;\nif (energyH2Cylinders === null) this.skip();\nassert.strictEqual(energyH2LowPresure(energyH2Cylinders), 3.898635477582846);",
                  "err": {},
                  "uuid": "f1157487-398a-42ad-8c21-024565e46290",
                  "parentUUID": "37a6430a-ee7d-418c-960e-6b119f577616",
                  "isHook": false,
                  "skipped": false
                },
                {
                  "title": "Prueba de energyConsumed (skipped si null)",
                  "fullTitle": "Pruebas de módulo environment Conjunto de pruebas SKIPPED Prueba de energyConsumed (skipped si null)",
                  "timedOut": false,
                  "duration": 0,
                  "state": "pending",
                  "speed": null,
                  "pass": false,
                  "fail": false,
                  "pending": true,
                  "context": null,
                  "code": "const energyH2LowPresure = null;\nif (energyH2LowPresure === null) this.skip();\nassert.strictEqual(energyConsumed(energyH2LowPresure), 5.129783523135323);",
                  "err": {},
                  "uuid": "51f3a630-e6f3-4024-9f09-17cf02b979da",
                  "parentUUID": "37a6430a-ee7d-418c-960e-6b119f577616",
                  "isHook": false,
                  "skipped": false
                },
                {
                  "title": "Prueba de hydrogenMass (skipped si null)",
                  "fullTitle": "Pruebas de módulo environment Conjunto de pruebas SKIPPED Prueba de hydrogenMass (skipped si null)",
                  "timedOut": false,
                  "duration": 0,
                  "state": "pending",
                  "speed": null,
                  "pass": false,
                  "fail": false,
                  "pending": true,
                  "context": null,
                  "code": "const energyH2LowPresure = null;\nif (energyH2LowPresure === null) this.skip();\nassert.strictEqual(hydrogenMass(energyH2LowPresure), 0.11697076140362574);",
                  "err": {},
                  "uuid": "014fc068-b615-4c4f-bae2-a8e49a5562fd",
                  "parentUUID": "37a6430a-ee7d-418c-960e-6b119f577616",
                  "isHook": false,
                  "skipped": false
                },
                {
                  "title": "Prueba de litersRequired (skipped si null)",
                  "fullTitle": "Pruebas de módulo environment Conjunto de pruebas SKIPPED Prueba de litersRequired (skipped si null)",
                  "timedOut": false,
                  "duration": 0,
                  "state": "pending",
                  "speed": null,
                  "pass": false,
                  "fail": false,
                  "pending": true,
                  "context": null,
                  "code": "const hydrogenMass = null;\nif (hydrogenMass === null) this.skip();\nassert.strictEqual(litersRequired(hydrogenMass), 1.0527368526326317);",
                  "err": {},
                  "uuid": "5f732805-b12a-49cc-94b1-65a7ea6a0d2f",
                  "parentUUID": "37a6430a-ee7d-418c-960e-6b119f577616",
                  "isHook": false,
                  "skipped": false
                }
              ],
              "suites": [],
              "passes": [],
              "failures": [],
              "pending": [
                "5b1157f1-c213-464f-b33a-bf4bf5882fcc",
                "95ecb8d9-b2bd-4051-9b39-19ba3556880f",
                "961708a3-f3e6-481b-9e37-1aeb757f162f",
                "5fc82cf4-56e5-442a-8dc7-ab43b7921f6a",
                "68c0afac-f7fd-43d8-8ab3-ccc83e084d0d",
                "88c73a47-19f6-450b-a213-49a9e1b14dc0",
                "a72b7972-e504-45c0-8e91-136066815ad1",
                "f1157487-398a-42ad-8c21-024565e46290",
                "51f3a630-e6f3-4024-9f09-17cf02b979da",
                "014fc068-b615-4c4f-bae2-a8e49a5562fd",
                "5f732805-b12a-49cc-94b1-65a7ea6a0d2f"
              ],
              "skipped": [],
              "duration": 0,
              "root": false,
              "rootEmpty": false,
              "_timeout": 2000
            }
          ],
          "passes": [
            "66f5a362-6161-4d4e-8f86-729ca8177564"
          ],
          "failures": [],
          "pending": [],
          "skipped": [],
          "duration": 0,
          "root": false,
          "rootEmpty": false,
          "_timeout": 2000
        }
      ],
      "passes": [],
      "failures": [],
      "pending": [],
      "skipped": [],
      "duration": 0,
      "root": true,
      "rootEmpty": true,
      "_timeout": 2000
    }
  ],
  "meta": {
    "mocha": {
      "version": "11.1.0"
    },
    "mochawesome": {
      "options": {
        "quiet": false,
        "reportFilename": "mochawesome",
        "saveHtml": true,
        "saveJson": true,
        "consoleReporter": "spec",
        "useInlineDiffs": false,
        "code": true
      },
      "version": "7.1.3"
    },
    "marge": {
      "options": null,
      "version": "6.2.0"
    }
  }
}